2019-04-15 07:27:40 [main] - Starting SampleswaggerApplication on DESKTOP-3RNFUE4 with PID 20808 (C:\Suchi\Software-Development\workspace-sts-3.9.7.RELEASE\sampleswagger\target\classes started by suchi in C:\Suchi\Software-Development\workspace-sts-3.9.7.RELEASE\sampleswagger)
2019-04-15 07:27:40 [main] - No active profile set, falling back to default profiles: default
2019-04-15 07:27:40 [main] - Tomcat initialized with port(s): 8080 (http)
2019-04-15 07:27:40 [main] - Starting service [Tomcat]
2019-04-15 07:27:40 [main] - Starting Servlet engine: [Apache Tomcat/9.0.17]
2019-04-15 07:27:40 [main] - Initializing Spring embedded WebApplicationContext
2019-04-15 07:27:40 [main] - Root WebApplicationContext: initialization completed in 717 ms
2019-04-15 07:27:41 [main] - Mapped URL path [/v2/api-docs] onto method [public org.springframework.http.ResponseEntity<springfox.documentation.spring.web.json.Json> springfox.documentation.swagger2.web.Swagger2Controller.getDocumentation(java.lang.String,javax.servlet.http.HttpServletRequest)]
2019-04-15 07:27:41 [main] - Initializing ExecutorService 'applicationTaskExecutor'
2019-04-15 07:27:41 [main] - Context refreshed
2019-04-15 07:27:41 [main] - Found 1 custom documentation plugin(s)
2019-04-15 07:27:41 [main] - Scanning for api listing references
2019-04-15 07:27:41 [main] - Tomcat started on port(s): 8080 (http) with context path ''
2019-04-15 07:27:41 [main] - Started SampleswaggerApplication in 1.418 seconds (JVM running for 1.906)
2019-04-15 07:27:41 [main] - Msg logged at Error level
2019-04-15 07:27:41 [main] - Msg logged at Error level
2019-04-15 07:27:41 [main] - Msg logged at Error level
2019-04-15 09:12:23 [main] - Starting SampleswaggerApplication on DESKTOP-3RNFUE4 with PID 22496 (C:\Suchi\Software-Development\workspace-sts-3.9.7.RELEASE\sampleswagger\target\classes started by suchi in C:\Suchi\Software-Development\workspace-sts-3.9.7.RELEASE\sampleswagger)
2019-04-15 09:12:23 [main] - The following profiles are active: dev
2019-04-15 09:12:24 [main] - Tomcat initialized with port(s): 8080 (http)
2019-04-15 09:12:24 [main] - Starting service [Tomcat]
2019-04-15 09:12:24 [main] - Starting Servlet engine: [Apache Tomcat/9.0.17]
2019-04-15 09:12:24 [main] - Initializing Spring embedded WebApplicationContext
2019-04-15 09:12:24 [main] - Root WebApplicationContext: initialization completed in 825 ms
2019-04-15 09:12:24 [main] - Exception encountered during context initialization - cancelling refresh attempt: org.springframework.beans.factory.UnsatisfiedDependencyException: Error creating bean with name 'sampleswaggerApplication': Unsatisfied dependency expressed through field 'ds'; nested exception is org.springframework.beans.factory.NoSuchBeanDefinitionException: No qualifying bean of type 'javax.sql.DataSource' available: expected at least 1 bean which qualifies as autowire candidate. Dependency annotations: {@org.springframework.beans.factory.annotation.Autowired(required=true)}
2019-04-15 09:12:24 [main] - Stopping service [Tomcat]
2019-04-15 09:12:24 [main] - 

Error starting ApplicationContext. To display the conditions report re-run your application with 'debug' enabled.
2019-04-15 09:12:24 [main] - 

***************************
APPLICATION FAILED TO START
***************************

Description:

Field ds in suchi.swag.SampleswaggerApplication required a bean of type 'javax.sql.DataSource' that could not be found.

The injection point has the following annotations:
	- @org.springframework.beans.factory.annotation.Autowired(required=true)

The following candidates were found but could not be injected:
	- Bean method 'dataSource' in 'JndiDataSourceAutoConfiguration' not loaded because @ConditionalOnClass did not find required class 'org.springframework.jdbc.datasource.embedded.EmbeddedDatabaseType'
	- Bean method 'dataSource' in 'XADataSourceAutoConfiguration' not loaded because @ConditionalOnClass did not find required class 'javax.transaction.TransactionManager'


Action:

Consider revisiting the entries above or defining a bean of type 'javax.sql.DataSource' in your configuration.

2019-04-15 09:12:28 [RMI TCP Connection(82)-127.0.0.1] - Application shutdown requested.
2019-04-15 09:12:28 [RMI TCP Connection(82)-127.0.0.1] - Shutting down ExecutorService 'applicationTaskExecutor'
2019-04-15 09:12:36 [main] - Starting SampleswaggerApplication on DESKTOP-3RNFUE4 with PID 26760 (C:\Suchi\Software-Development\workspace-sts-3.9.7.RELEASE\sampleswagger\target\classes started by suchi in C:\Suchi\Software-Development\workspace-sts-3.9.7.RELEASE\sampleswagger)
2019-04-15 09:12:36 [main] - The following profiles are active: dev
2019-04-15 09:12:36 [main] - Tomcat initialized with port(s): 8080 (http)
2019-04-15 09:12:36 [main] - Starting service [Tomcat]
2019-04-15 09:12:36 [main] - Starting Servlet engine: [Apache Tomcat/9.0.17]
2019-04-15 09:12:36 [main] - Initializing Spring embedded WebApplicationContext
2019-04-15 09:12:36 [main] - Root WebApplicationContext: initialization completed in 739 ms
2019-04-15 09:12:36 [main] - Exception encountered during context initialization - cancelling refresh attempt: org.springframework.beans.factory.UnsatisfiedDependencyException: Error creating bean with name 'sampleswaggerApplication': Unsatisfied dependency expressed through field 'ds'; nested exception is org.springframework.beans.factory.NoSuchBeanDefinitionException: No qualifying bean of type 'javax.sql.DataSource' available: expected at least 1 bean which qualifies as autowire candidate. Dependency annotations: {@org.springframework.beans.factory.annotation.Autowired(required=true)}
2019-04-15 09:12:36 [main] - Stopping service [Tomcat]
2019-04-15 09:12:36 [main] - 

Error starting ApplicationContext. To display the conditions report re-run your application with 'debug' enabled.
2019-04-15 09:12:37 [main] - 

***************************
APPLICATION FAILED TO START
***************************

Description:

Field ds in suchi.swag.SampleswaggerApplication required a bean of type 'javax.sql.DataSource' that could not be found.

The injection point has the following annotations:
	- @org.springframework.beans.factory.annotation.Autowired(required=true)

The following candidates were found but could not be injected:
	- Bean method 'dataSource' in 'JndiDataSourceAutoConfiguration' not loaded because @ConditionalOnClass did not find required class 'org.springframework.jdbc.datasource.embedded.EmbeddedDatabaseType'
	- Bean method 'dataSource' in 'XADataSourceAutoConfiguration' not loaded because @ConditionalOnClass did not find required class 'javax.transaction.TransactionManager'


Action:

Consider revisiting the entries above or defining a bean of type 'javax.sql.DataSource' in your configuration.

2019-04-15 09:15:28 [main] - Starting SampleswaggerApplication on DESKTOP-3RNFUE4 with PID 19400 (C:\Suchi\Software-Development\workspace-sts-3.9.7.RELEASE\sampleswagger\target\classes started by suchi in C:\Suchi\Software-Development\workspace-sts-3.9.7.RELEASE\sampleswagger)
2019-04-15 09:15:28 [main] - The following profiles are active: dev
2019-04-15 09:15:29 [main] - Tomcat initialized with port(s): 8080 (http)
2019-04-15 09:15:29 [main] - Starting service [Tomcat]
2019-04-15 09:15:29 [main] - Starting Servlet engine: [Apache Tomcat/9.0.17]
2019-04-15 09:15:29 [main] - Initializing Spring embedded WebApplicationContext
2019-04-15 09:15:29 [main] - Root WebApplicationContext: initialization completed in 735 ms
2019-04-15 09:15:29 [main] - Exception encountered during context initialization - cancelling refresh attempt: org.springframework.beans.factory.UnsatisfiedDependencyException: Error creating bean with name 'sampleswaggerApplication': Unsatisfied dependency expressed through field 'ds'; nested exception is org.springframework.beans.factory.NoSuchBeanDefinitionException: No qualifying bean of type 'javax.sql.DataSource' available: expected at least 1 bean which qualifies as autowire candidate. Dependency annotations: {@org.springframework.beans.factory.annotation.Autowired(required=true)}
2019-04-15 09:15:29 [main] - Stopping service [Tomcat]
2019-04-15 09:15:29 [main] - 

Error starting ApplicationContext. To display the conditions report re-run your application with 'debug' enabled.
2019-04-15 09:15:29 [main] - 

***************************
APPLICATION FAILED TO START
***************************

Description:

Field ds in suchi.swag.SampleswaggerApplication required a bean of type 'javax.sql.DataSource' that could not be found.

The injection point has the following annotations:
	- @org.springframework.beans.factory.annotation.Autowired(required=true)

The following candidates were found but could not be injected:
	- Bean method 'dataSource' in 'JndiDataSourceAutoConfiguration' not loaded because @ConditionalOnClass did not find required class 'org.springframework.jdbc.datasource.embedded.EmbeddedDatabaseType'
	- Bean method 'dataSource' in 'XADataSourceAutoConfiguration' not loaded because @ConditionalOnClass did not find required class 'javax.transaction.TransactionManager'


Action:

Consider revisiting the entries above or defining a bean of type 'javax.sql.DataSource' in your configuration.

2019-04-15 09:15:38 [main] - Starting SampleswaggerApplication on DESKTOP-3RNFUE4 with PID 12324 (C:\Suchi\Software-Development\workspace-sts-3.9.7.RELEASE\sampleswagger\target\classes started by suchi in C:\Suchi\Software-Development\workspace-sts-3.9.7.RELEASE\sampleswagger)
2019-04-15 09:15:38 [main] - The following profiles are active: dev
2019-04-15 09:15:39 [main] - Tomcat initialized with port(s): 8080 (http)
2019-04-15 09:15:39 [main] - Starting service [Tomcat]
2019-04-15 09:15:39 [main] - Starting Servlet engine: [Apache Tomcat/9.0.17]
2019-04-15 09:15:39 [main] - Initializing Spring embedded WebApplicationContext
2019-04-15 09:15:39 [main] - Root WebApplicationContext: initialization completed in 736 ms
2019-04-15 09:15:39 [main] - Exception encountered during context initialization - cancelling refresh attempt: org.springframework.beans.factory.UnsatisfiedDependencyException: Error creating bean with name 'sampleswaggerApplication': Unsatisfied dependency expressed through field 'ds'; nested exception is org.springframework.beans.factory.NoSuchBeanDefinitionException: No qualifying bean of type 'javax.sql.DataSource' available: expected at least 1 bean which qualifies as autowire candidate. Dependency annotations: {@org.springframework.beans.factory.annotation.Autowired(required=true)}
2019-04-15 09:15:39 [main] - Stopping service [Tomcat]
2019-04-15 09:15:39 [main] - 

Error starting ApplicationContext. To display the conditions report re-run your application with 'debug' enabled.
2019-04-15 09:15:39 [main] - 

***************************
APPLICATION FAILED TO START
***************************

Description:

Field ds in suchi.swag.SampleswaggerApplication required a bean of type 'javax.sql.DataSource' that could not be found.

The injection point has the following annotations:
	- @org.springframework.beans.factory.annotation.Autowired(required=true)

The following candidates were found but could not be injected:
	- Bean method 'dataSource' in 'JndiDataSourceAutoConfiguration' not loaded because @ConditionalOnClass did not find required class 'org.springframework.jdbc.datasource.embedded.EmbeddedDatabaseType'
	- Bean method 'dataSource' in 'XADataSourceAutoConfiguration' not loaded because @ConditionalOnClass did not find required class 'javax.transaction.TransactionManager'


Action:

Consider revisiting the entries above or defining a bean of type 'javax.sql.DataSource' in your configuration.

2019-04-15 09:23:18 [main] - Starting SampleswaggerApplication on DESKTOP-3RNFUE4 with PID 20508 (C:\Suchi\Software-Development\workspace-sts-3.9.7.RELEASE\sampleswagger\target\classes started by suchi in C:\Suchi\Software-Development\workspace-sts-3.9.7.RELEASE\sampleswagger)
2019-04-15 09:23:18 [main] - No active profile set, falling back to default profiles: default
2019-04-15 09:23:19 [main] - Tomcat initialized with port(s): 8080 (http)
2019-04-15 09:23:19 [main] - Starting service [Tomcat]
2019-04-15 09:23:19 [main] - Starting Servlet engine: [Apache Tomcat/9.0.17]
2019-04-15 09:23:19 [main] - Initializing Spring embedded WebApplicationContext
2019-04-15 09:23:19 [main] - Root WebApplicationContext: initialization completed in 737 ms
2019-04-15 09:23:19 [main] - Exception encountered during context initialization - cancelling refresh attempt: org.springframework.beans.factory.UnsatisfiedDependencyException: Error creating bean with name 'sampleswaggerApplication': Unsatisfied dependency expressed through field 'ds'; nested exception is org.springframework.beans.factory.NoSuchBeanDefinitionException: No qualifying bean of type 'javax.sql.DataSource' available: expected at least 1 bean which qualifies as autowire candidate. Dependency annotations: {@org.springframework.beans.factory.annotation.Autowired(required=true)}
2019-04-15 09:23:19 [main] - Stopping service [Tomcat]
2019-04-15 09:23:19 [main] - 

Error starting ApplicationContext. To display the conditions report re-run your application with 'debug' enabled.
2019-04-15 09:23:19 [main] - 

***************************
APPLICATION FAILED TO START
***************************

Description:

Field ds in suchi.swag.SampleswaggerApplication required a bean of type 'javax.sql.DataSource' that could not be found.

The injection point has the following annotations:
	- @org.springframework.beans.factory.annotation.Autowired(required=true)

The following candidates were found but could not be injected:
	- Bean method 'dataSource' in 'JndiDataSourceAutoConfiguration' not loaded because @ConditionalOnClass did not find required class 'org.springframework.jdbc.datasource.embedded.EmbeddedDatabaseType'
	- Bean method 'dataSource' in 'XADataSourceAutoConfiguration' not loaded because @ConditionalOnClass did not find required class 'javax.transaction.TransactionManager'


Action:

Consider revisiting the entries above or defining a bean of type 'javax.sql.DataSource' in your configuration.

2019-04-15 09:24:18 [main] - Starting SampleswaggerApplication on DESKTOP-3RNFUE4 with PID 25432 (C:\Suchi\Software-Development\workspace-sts-3.9.7.RELEASE\sampleswagger\target\classes started by suchi in C:\Suchi\Software-Development\workspace-sts-3.9.7.RELEASE\sampleswagger)
2019-04-15 09:24:18 [main] - No active profile set, falling back to default profiles: default
2019-04-15 09:24:18 [main] - Tomcat initialized with port(s): 8080 (http)
2019-04-15 09:24:18 [main] - Starting service [Tomcat]
2019-04-15 09:24:18 [main] - Starting Servlet engine: [Apache Tomcat/9.0.17]
2019-04-15 09:24:18 [main] - Initializing Spring embedded WebApplicationContext
2019-04-15 09:24:18 [main] - Root WebApplicationContext: initialization completed in 724 ms
2019-04-15 09:24:18 [main] - Exception encountered during context initialization - cancelling refresh attempt: org.springframework.beans.factory.UnsatisfiedDependencyException: Error creating bean with name 'sampleswaggerApplication': Unsatisfied dependency expressed through field 'ds'; nested exception is org.springframework.beans.factory.NoSuchBeanDefinitionException: No qualifying bean of type 'javax.sql.DataSource' available: expected at least 1 bean which qualifies as autowire candidate. Dependency annotations: {@org.springframework.beans.factory.annotation.Autowired(required=true)}
2019-04-15 09:24:18 [main] - Stopping service [Tomcat]
2019-04-15 09:24:18 [main] - 

Error starting ApplicationContext. To display the conditions report re-run your application with 'debug' enabled.
2019-04-15 09:24:18 [main] - 

***************************
APPLICATION FAILED TO START
***************************

Description:

Field ds in suchi.swag.SampleswaggerApplication required a bean of type 'javax.sql.DataSource' that could not be found.

The injection point has the following annotations:
	- @org.springframework.beans.factory.annotation.Autowired(required=true)

The following candidates were found but could not be injected:
	- Bean method 'dataSource' in 'JndiDataSourceAutoConfiguration' not loaded because @ConditionalOnClass did not find required class 'org.springframework.jdbc.datasource.embedded.EmbeddedDatabaseType'
	- Bean method 'dataSource' in 'XADataSourceAutoConfiguration' not loaded because @ConditionalOnClass did not find required class 'javax.transaction.TransactionManager'


Action:

Consider revisiting the entries above or defining a bean of type 'javax.sql.DataSource' in your configuration.

2019-04-15 09:24:49 [main] - Starting SampleswaggerApplication on DESKTOP-3RNFUE4 with PID 20476 (C:\Suchi\Software-Development\workspace-sts-3.9.7.RELEASE\sampleswagger\target\classes started by suchi in C:\Suchi\Software-Development\workspace-sts-3.9.7.RELEASE\sampleswagger)
2019-04-15 09:24:49 [main] - No active profile set, falling back to default profiles: default
2019-04-15 09:24:49 [main] - Tomcat initialized with port(s): 8080 (http)
2019-04-15 09:24:49 [main] - Starting service [Tomcat]
2019-04-15 09:24:49 [main] - Starting Servlet engine: [Apache Tomcat/9.0.17]
2019-04-15 09:24:49 [main] - Initializing Spring embedded WebApplicationContext
2019-04-15 09:24:49 [main] - Root WebApplicationContext: initialization completed in 765 ms
2019-04-15 09:24:49 [main] - Exception encountered during context initialization - cancelling refresh attempt: org.springframework.beans.factory.UnsatisfiedDependencyException: Error creating bean with name 'personController': Unsatisfied dependency expressed through field 'ds'; nested exception is org.springframework.beans.factory.NoSuchBeanDefinitionException: No qualifying bean of type 'javax.sql.DataSource' available: expected at least 1 bean which qualifies as autowire candidate. Dependency annotations: {@org.springframework.beans.factory.annotation.Autowired(required=true)}
2019-04-15 09:24:49 [main] - Stopping service [Tomcat]
2019-04-15 09:24:49 [main] - 

Error starting ApplicationContext. To display the conditions report re-run your application with 'debug' enabled.
2019-04-15 09:24:49 [main] - 

***************************
APPLICATION FAILED TO START
***************************

Description:

Field ds in suchi.swag.PersonController required a bean of type 'javax.sql.DataSource' that could not be found.

The injection point has the following annotations:
	- @org.springframework.beans.factory.annotation.Autowired(required=true)

The following candidates were found but could not be injected:
	- Bean method 'dataSource' in 'JndiDataSourceAutoConfiguration' not loaded because @ConditionalOnClass did not find required class 'org.springframework.jdbc.datasource.embedded.EmbeddedDatabaseType'
	- Bean method 'dataSource' in 'XADataSourceAutoConfiguration' not loaded because @ConditionalOnClass did not find required class 'javax.transaction.TransactionManager'


Action:

Consider revisiting the entries above or defining a bean of type 'javax.sql.DataSource' in your configuration.

2019-04-15 09:28:54 [main] - Starting SampleswaggerApplication on DESKTOP-3RNFUE4 with PID 23596 (C:\Suchi\Software-Development\workspace-sts-3.9.7.RELEASE\sampleswagger\target\classes started by suchi in C:\Suchi\Software-Development\workspace-sts-3.9.7.RELEASE\sampleswagger)
2019-04-15 09:28:54 [main] - No active profile set, falling back to default profiles: default
2019-04-15 09:28:55 [main] - Bootstrapping Spring Data repositories in DEFAULT mode.
2019-04-15 09:28:55 [main] - Finished Spring Data repository scanning in 7ms. Found 0 repository interfaces.
2019-04-15 09:28:55 [main] - Bean 'org.springframework.transaction.annotation.ProxyTransactionManagementConfiguration' of type [org.springframework.transaction.annotation.ProxyTransactionManagementConfiguration$$EnhancerBySpringCGLIB$$85a4b7bc] is not eligible for getting processed by all BeanPostProcessors (for example: not eligible for auto-proxying)
2019-04-15 09:28:55 [main] - Tomcat initialized with port(s): 8080 (http)
2019-04-15 09:28:55 [main] - Starting service [Tomcat]
2019-04-15 09:28:55 [main] - Starting Servlet engine: [Apache Tomcat/9.0.17]
2019-04-15 09:28:55 [main] - Initializing Spring embedded WebApplicationContext
2019-04-15 09:28:55 [main] - Root WebApplicationContext: initialization completed in 925 ms
2019-04-15 09:28:55 [main] - Exception encountered during context initialization - cancelling refresh attempt: org.springframework.beans.factory.UnsatisfiedDependencyException: Error creating bean with name 'org.springframework.boot.autoconfigure.orm.jpa.HibernateJpaConfiguration': Unsatisfied dependency expressed through constructor parameter 0; nested exception is org.springframework.beans.factory.BeanCreationException: Error creating bean with name 'dataSource' defined in class path resource [org/springframework/boot/autoconfigure/jdbc/DataSourceConfiguration$Hikari.class]: Bean instantiation via factory method failed; nested exception is org.springframework.beans.BeanInstantiationException: Failed to instantiate [com.zaxxer.hikari.HikariDataSource]: Factory method 'dataSource' threw exception; nested exception is java.lang.IllegalStateException: Cannot load driver class: com.mysql.cj.jdbc.Driver
2019-04-15 09:28:55 [main] - Stopping service [Tomcat]
2019-04-15 09:28:55 [main] - 

Error starting ApplicationContext. To display the conditions report re-run your application with 'debug' enabled.
2019-04-15 09:28:55 [main] - Application run failed
org.springframework.beans.factory.UnsatisfiedDependencyException: Error creating bean with name 'org.springframework.boot.autoconfigure.orm.jpa.HibernateJpaConfiguration': Unsatisfied dependency expressed through constructor parameter 0; nested exception is org.springframework.beans.factory.BeanCreationException: Error creating bean with name 'dataSource' defined in class path resource [org/springframework/boot/autoconfigure/jdbc/DataSourceConfiguration$Hikari.class]: Bean instantiation via factory method failed; nested exception is org.springframework.beans.BeanInstantiationException: Failed to instantiate [com.zaxxer.hikari.HikariDataSource]: Factory method 'dataSource' threw exception; nested exception is java.lang.IllegalStateException: Cannot load driver class: com.mysql.cj.jdbc.Driver
	at org.springframework.beans.factory.support.ConstructorResolver.createArgumentArray(ConstructorResolver.java:769)
	at org.springframework.beans.factory.support.ConstructorResolver.autowireConstructor(ConstructorResolver.java:218)
	at org.springframework.beans.factory.support.AbstractAutowireCapableBeanFactory.autowireConstructor(AbstractAutowireCapableBeanFactory.java:1341)
	at org.springframework.beans.factory.support.AbstractAutowireCapableBeanFactory.createBeanInstance(AbstractAutowireCapableBeanFactory.java:1187)
	at org.springframework.beans.factory.support.AbstractAutowireCapableBeanFactory.doCreateBean(AbstractAutowireCapableBeanFactory.java:555)
	at org.springframework.beans.factory.support.AbstractAutowireCapableBeanFactory.createBean(AbstractAutowireCapableBeanFactory.java:515)
	at org.springframework.beans.factory.support.AbstractBeanFactory.lambda$doGetBean$0(AbstractBeanFactory.java:320)
	at org.springframework.beans.factory.support.DefaultSingletonBeanRegistry.getSingleton(DefaultSingletonBeanRegistry.java:222)
	at org.springframework.beans.factory.support.AbstractBeanFactory.doGetBean(AbstractBeanFactory.java:318)
	at org.springframework.beans.factory.support.AbstractBeanFactory.getBean(AbstractBeanFactory.java:199)
	at org.springframework.beans.factory.support.ConstructorResolver.instantiateUsingFactoryMethod(ConstructorResolver.java:392)
	at org.springframework.beans.factory.support.AbstractAutowireCapableBeanFactory.instantiateUsingFactoryMethod(AbstractAutowireCapableBeanFactory.java:1321)
	at org.springframework.beans.factory.support.AbstractAutowireCapableBeanFactory.createBeanInstance(AbstractAutowireCapableBeanFactory.java:1160)
	at org.springframework.beans.factory.support.AbstractAutowireCapableBeanFactory.doCreateBean(AbstractAutowireCapableBeanFactory.java:555)
	at org.springframework.beans.factory.support.AbstractAutowireCapableBeanFactory.createBean(AbstractAutowireCapableBeanFactory.java:515)
	at org.springframework.beans.factory.support.AbstractBeanFactory.lambda$doGetBean$0(AbstractBeanFactory.java:320)
	at org.springframework.beans.factory.support.DefaultSingletonBeanRegistry.getSingleton(DefaultSingletonBeanRegistry.java:222)
	at org.springframework.beans.factory.support.AbstractBeanFactory.doGetBean(AbstractBeanFactory.java:318)
	at org.springframework.beans.factory.support.AbstractBeanFactory.getBean(AbstractBeanFactory.java:199)
	at org.springframework.context.support.AbstractApplicationContext.getBean(AbstractApplicationContext.java:1105)
	at org.springframework.context.support.AbstractApplicationContext.finishBeanFactoryInitialization(AbstractApplicationContext.java:867)
	at org.springframework.context.support.AbstractApplicationContext.refresh(AbstractApplicationContext.java:549)
	at org.springframework.boot.web.servlet.context.ServletWebServerApplicationContext.refresh(ServletWebServerApplicationContext.java:142)
	at org.springframework.boot.SpringApplication.refresh(SpringApplication.java:775)
	at org.springframework.boot.SpringApplication.refreshContext(SpringApplication.java:397)
	at org.springframework.boot.SpringApplication.run(SpringApplication.java:316)
	at org.springframework.boot.SpringApplication.run(SpringApplication.java:1260)
	at org.springframework.boot.SpringApplication.run(SpringApplication.java:1248)
	at suchi.swag.SampleswaggerApplication.main(SampleswaggerApplication.java:23)
Caused by: org.springframework.beans.factory.BeanCreationException: Error creating bean with name 'dataSource' defined in class path resource [org/springframework/boot/autoconfigure/jdbc/DataSourceConfiguration$Hikari.class]: Bean instantiation via factory method failed; nested exception is org.springframework.beans.BeanInstantiationException: Failed to instantiate [com.zaxxer.hikari.HikariDataSource]: Factory method 'dataSource' threw exception; nested exception is java.lang.IllegalStateException: Cannot load driver class: com.mysql.cj.jdbc.Driver
	at org.springframework.beans.factory.support.ConstructorResolver.instantiate(ConstructorResolver.java:627)
	at org.springframework.beans.factory.support.ConstructorResolver.instantiateUsingFactoryMethod(ConstructorResolver.java:607)
	at org.springframework.beans.factory.support.AbstractAutowireCapableBeanFactory.instantiateUsingFactoryMethod(AbstractAutowireCapableBeanFactory.java:1321)
	at org.springframework.beans.factory.support.AbstractAutowireCapableBeanFactory.createBeanInstance(AbstractAutowireCapableBeanFactory.java:1160)
	at org.springframework.beans.factory.support.AbstractAutowireCapableBeanFactory.doCreateBean(AbstractAutowireCapableBeanFactory.java:555)
	at org.springframework.beans.factory.support.AbstractAutowireCapableBeanFactory.createBean(AbstractAutowireCapableBeanFactory.java:515)
	at org.springframework.beans.factory.support.AbstractBeanFactory.lambda$doGetBean$0(AbstractBeanFactory.java:320)
	at org.springframework.beans.factory.support.DefaultSingletonBeanRegistry.getSingleton(DefaultSingletonBeanRegistry.java:222)
	at org.springframework.beans.factory.support.AbstractBeanFactory.doGetBean(AbstractBeanFactory.java:318)
	at org.springframework.beans.factory.support.AbstractBeanFactory.getBean(AbstractBeanFactory.java:199)
	at org.springframework.beans.factory.config.DependencyDescriptor.resolveCandidate(DependencyDescriptor.java:277)
	at org.springframework.beans.factory.support.DefaultListableBeanFactory.doResolveDependency(DefaultListableBeanFactory.java:1247)
	at org.springframework.beans.factory.support.DefaultListableBeanFactory.resolveDependency(DefaultListableBeanFactory.java:1167)
	at org.springframework.beans.factory.support.ConstructorResolver.resolveAutowiredArgument(ConstructorResolver.java:857)
	at org.springframework.beans.factory.support.ConstructorResolver.createArgumentArray(ConstructorResolver.java:760)
	... 28 common frames omitted
Caused by: org.springframework.beans.BeanInstantiationException: Failed to instantiate [com.zaxxer.hikari.HikariDataSource]: Factory method 'dataSource' threw exception; nested exception is java.lang.IllegalStateException: Cannot load driver class: com.mysql.cj.jdbc.Driver
	at org.springframework.beans.factory.support.SimpleInstantiationStrategy.instantiate(SimpleInstantiationStrategy.java:185)
	at org.springframework.beans.factory.support.ConstructorResolver.instantiate(ConstructorResolver.java:622)
	... 42 common frames omitted
Caused by: java.lang.IllegalStateException: Cannot load driver class: com.mysql.cj.jdbc.Driver
	at org.springframework.util.Assert.state(Assert.java:94)
	at org.springframework.boot.autoconfigure.jdbc.DataSourceProperties.determineDriverClassName(DataSourceProperties.java:224)
	at org.springframework.boot.autoconfigure.jdbc.DataSourceProperties.initializeDataSourceBuilder(DataSourceProperties.java:176)
	at org.springframework.boot.autoconfigure.jdbc.DataSourceConfiguration.createDataSource(DataSourceConfiguration.java:44)
	at org.springframework.boot.autoconfigure.jdbc.DataSourceConfiguration$Hikari.dataSource(DataSourceConfiguration.java:88)
	at org.springframework.boot.autoconfigure.jdbc.DataSourceConfiguration$Hikari$$EnhancerBySpringCGLIB$$c62421a9.CGLIB$dataSource$0(<generated>)
	at org.springframework.boot.autoconfigure.jdbc.DataSourceConfiguration$Hikari$$EnhancerBySpringCGLIB$$c62421a9$$FastClassBySpringCGLIB$$d7abd5d.invoke(<generated>)
	at org.springframework.cglib.proxy.MethodProxy.invokeSuper(MethodProxy.java:244)
	at org.springframework.context.annotation.ConfigurationClassEnhancer$BeanMethodInterceptor.intercept(ConfigurationClassEnhancer.java:363)
	at org.springframework.boot.autoconfigure.jdbc.DataSourceConfiguration$Hikari$$EnhancerBySpringCGLIB$$c62421a9.dataSource(<generated>)
	at sun.reflect.NativeMethodAccessorImpl.invoke0(Native Method)
	at sun.reflect.NativeMethodAccessorImpl.invoke(Unknown Source)
	at sun.reflect.DelegatingMethodAccessorImpl.invoke(Unknown Source)
	at java.lang.reflect.Method.invoke(Unknown Source)
	at org.springframework.beans.factory.support.SimpleInstantiationStrategy.instantiate(SimpleInstantiationStrategy.java:154)
	... 43 common frames omitted
2019-04-15 09:31:18 [main] - Starting SampleswaggerApplication on DESKTOP-3RNFUE4 with PID 19436 (C:\Suchi\Software-Development\workspace-sts-3.9.7.RELEASE\sampleswagger\target\classes started by suchi in C:\Suchi\Software-Development\workspace-sts-3.9.7.RELEASE\sampleswagger)
2019-04-15 09:31:18 [main] - No active profile set, falling back to default profiles: default
2019-04-15 09:31:18 [main] - Bootstrapping Spring Data repositories in DEFAULT mode.
2019-04-15 09:31:18 [main] - Finished Spring Data repository scanning in 8ms. Found 0 repository interfaces.
2019-04-15 09:31:19 [main] - Bean 'org.springframework.transaction.annotation.ProxyTransactionManagementConfiguration' of type [org.springframework.transaction.annotation.ProxyTransactionManagementConfiguration$$EnhancerBySpringCGLIB$$66a53a06] is not eligible for getting processed by all BeanPostProcessors (for example: not eligible for auto-proxying)
2019-04-15 09:31:19 [main] - Tomcat initialized with port(s): 8080 (http)
2019-04-15 09:31:19 [main] - Starting service [Tomcat]
2019-04-15 09:31:19 [main] - Starting Servlet engine: [Apache Tomcat/9.0.17]
2019-04-15 09:31:19 [main] - Initializing Spring embedded WebApplicationContext
2019-04-15 09:31:19 [main] - Root WebApplicationContext: initialization completed in 906 ms
2019-04-15 09:31:19 [main] - Exception encountered during context initialization - cancelling refresh attempt: org.springframework.beans.factory.UnsatisfiedDependencyException: Error creating bean with name 'org.springframework.boot.autoconfigure.orm.jpa.HibernateJpaConfiguration': Unsatisfied dependency expressed through constructor parameter 0; nested exception is org.springframework.beans.factory.BeanCreationException: Error creating bean with name 'dataSource' defined in class path resource [org/springframework/boot/autoconfigure/jdbc/DataSourceConfiguration$Hikari.class]: Bean instantiation via factory method failed; nested exception is org.springframework.beans.BeanInstantiationException: Failed to instantiate [com.zaxxer.hikari.HikariDataSource]: Factory method 'dataSource' threw exception; nested exception is java.lang.IllegalStateException: Cannot load driver class: com.mysql.cj.jdbc.Driver
2019-04-15 09:31:19 [main] - Stopping service [Tomcat]
2019-04-15 09:31:19 [main] - 

Error starting ApplicationContext. To display the conditions report re-run your application with 'debug' enabled.
2019-04-15 09:31:19 [main] - Application run failed
org.springframework.beans.factory.UnsatisfiedDependencyException: Error creating bean with name 'org.springframework.boot.autoconfigure.orm.jpa.HibernateJpaConfiguration': Unsatisfied dependency expressed through constructor parameter 0; nested exception is org.springframework.beans.factory.BeanCreationException: Error creating bean with name 'dataSource' defined in class path resource [org/springframework/boot/autoconfigure/jdbc/DataSourceConfiguration$Hikari.class]: Bean instantiation via factory method failed; nested exception is org.springframework.beans.BeanInstantiationException: Failed to instantiate [com.zaxxer.hikari.HikariDataSource]: Factory method 'dataSource' threw exception; nested exception is java.lang.IllegalStateException: Cannot load driver class: com.mysql.cj.jdbc.Driver
	at org.springframework.beans.factory.support.ConstructorResolver.createArgumentArray(ConstructorResolver.java:769)
	at org.springframework.beans.factory.support.ConstructorResolver.autowireConstructor(ConstructorResolver.java:218)
	at org.springframework.beans.factory.support.AbstractAutowireCapableBeanFactory.autowireConstructor(AbstractAutowireCapableBeanFactory.java:1341)
	at org.springframework.beans.factory.support.AbstractAutowireCapableBeanFactory.createBeanInstance(AbstractAutowireCapableBeanFactory.java:1187)
	at org.springframework.beans.factory.support.AbstractAutowireCapableBeanFactory.doCreateBean(AbstractAutowireCapableBeanFactory.java:555)
	at org.springframework.beans.factory.support.AbstractAutowireCapableBeanFactory.createBean(AbstractAutowireCapableBeanFactory.java:515)
	at org.springframework.beans.factory.support.AbstractBeanFactory.lambda$doGetBean$0(AbstractBeanFactory.java:320)
	at org.springframework.beans.factory.support.DefaultSingletonBeanRegistry.getSingleton(DefaultSingletonBeanRegistry.java:222)
	at org.springframework.beans.factory.support.AbstractBeanFactory.doGetBean(AbstractBeanFactory.java:318)
	at org.springframework.beans.factory.support.AbstractBeanFactory.getBean(AbstractBeanFactory.java:199)
	at org.springframework.beans.factory.support.ConstructorResolver.instantiateUsingFactoryMethod(ConstructorResolver.java:392)
	at org.springframework.beans.factory.support.AbstractAutowireCapableBeanFactory.instantiateUsingFactoryMethod(AbstractAutowireCapableBeanFactory.java:1321)
	at org.springframework.beans.factory.support.AbstractAutowireCapableBeanFactory.createBeanInstance(AbstractAutowireCapableBeanFactory.java:1160)
	at org.springframework.beans.factory.support.AbstractAutowireCapableBeanFactory.doCreateBean(AbstractAutowireCapableBeanFactory.java:555)
	at org.springframework.beans.factory.support.AbstractAutowireCapableBeanFactory.createBean(AbstractAutowireCapableBeanFactory.java:515)
	at org.springframework.beans.factory.support.AbstractBeanFactory.lambda$doGetBean$0(AbstractBeanFactory.java:320)
	at org.springframework.beans.factory.support.DefaultSingletonBeanRegistry.getSingleton(DefaultSingletonBeanRegistry.java:222)
	at org.springframework.beans.factory.support.AbstractBeanFactory.doGetBean(AbstractBeanFactory.java:318)
	at org.springframework.beans.factory.support.AbstractBeanFactory.getBean(AbstractBeanFactory.java:199)
	at org.springframework.context.support.AbstractApplicationContext.getBean(AbstractApplicationContext.java:1105)
	at org.springframework.context.support.AbstractApplicationContext.finishBeanFactoryInitialization(AbstractApplicationContext.java:867)
	at org.springframework.context.support.AbstractApplicationContext.refresh(AbstractApplicationContext.java:549)
	at org.springframework.boot.web.servlet.context.ServletWebServerApplicationContext.refresh(ServletWebServerApplicationContext.java:142)
	at org.springframework.boot.SpringApplication.refresh(SpringApplication.java:775)
	at org.springframework.boot.SpringApplication.refreshContext(SpringApplication.java:397)
	at org.springframework.boot.SpringApplication.run(SpringApplication.java:316)
	at org.springframework.boot.SpringApplication.run(SpringApplication.java:1260)
	at org.springframework.boot.SpringApplication.run(SpringApplication.java:1248)
	at suchi.swag.SampleswaggerApplication.main(SampleswaggerApplication.java:23)
Caused by: org.springframework.beans.factory.BeanCreationException: Error creating bean with name 'dataSource' defined in class path resource [org/springframework/boot/autoconfigure/jdbc/DataSourceConfiguration$Hikari.class]: Bean instantiation via factory method failed; nested exception is org.springframework.beans.BeanInstantiationException: Failed to instantiate [com.zaxxer.hikari.HikariDataSource]: Factory method 'dataSource' threw exception; nested exception is java.lang.IllegalStateException: Cannot load driver class: com.mysql.cj.jdbc.Driver
	at org.springframework.beans.factory.support.ConstructorResolver.instantiate(ConstructorResolver.java:627)
	at org.springframework.beans.factory.support.ConstructorResolver.instantiateUsingFactoryMethod(ConstructorResolver.java:607)
	at org.springframework.beans.factory.support.AbstractAutowireCapableBeanFactory.instantiateUsingFactoryMethod(AbstractAutowireCapableBeanFactory.java:1321)
	at org.springframework.beans.factory.support.AbstractAutowireCapableBeanFactory.createBeanInstance(AbstractAutowireCapableBeanFactory.java:1160)
	at org.springframework.beans.factory.support.AbstractAutowireCapableBeanFactory.doCreateBean(AbstractAutowireCapableBeanFactory.java:555)
	at org.springframework.beans.factory.support.AbstractAutowireCapableBeanFactory.createBean(AbstractAutowireCapableBeanFactory.java:515)
	at org.springframework.beans.factory.support.AbstractBeanFactory.lambda$doGetBean$0(AbstractBeanFactory.java:320)
	at org.springframework.beans.factory.support.DefaultSingletonBeanRegistry.getSingleton(DefaultSingletonBeanRegistry.java:222)
	at org.springframework.beans.factory.support.AbstractBeanFactory.doGetBean(AbstractBeanFactory.java:318)
	at org.springframework.beans.factory.support.AbstractBeanFactory.getBean(AbstractBeanFactory.java:199)
	at org.springframework.beans.factory.config.DependencyDescriptor.resolveCandidate(DependencyDescriptor.java:277)
	at org.springframework.beans.factory.support.DefaultListableBeanFactory.doResolveDependency(DefaultListableBeanFactory.java:1247)
	at org.springframework.beans.factory.support.DefaultListableBeanFactory.resolveDependency(DefaultListableBeanFactory.java:1167)
	at org.springframework.beans.factory.support.ConstructorResolver.resolveAutowiredArgument(ConstructorResolver.java:857)
	at org.springframework.beans.factory.support.ConstructorResolver.createArgumentArray(ConstructorResolver.java:760)
	... 28 common frames omitted
Caused by: org.springframework.beans.BeanInstantiationException: Failed to instantiate [com.zaxxer.hikari.HikariDataSource]: Factory method 'dataSource' threw exception; nested exception is java.lang.IllegalStateException: Cannot load driver class: com.mysql.cj.jdbc.Driver
	at org.springframework.beans.factory.support.SimpleInstantiationStrategy.instantiate(SimpleInstantiationStrategy.java:185)
	at org.springframework.beans.factory.support.ConstructorResolver.instantiate(ConstructorResolver.java:622)
	... 42 common frames omitted
Caused by: java.lang.IllegalStateException: Cannot load driver class: com.mysql.cj.jdbc.Driver
	at org.springframework.util.Assert.state(Assert.java:94)
	at org.springframework.boot.autoconfigure.jdbc.DataSourceProperties.determineDriverClassName(DataSourceProperties.java:224)
	at org.springframework.boot.autoconfigure.jdbc.DataSourceProperties.initializeDataSourceBuilder(DataSourceProperties.java:176)
	at org.springframework.boot.autoconfigure.jdbc.DataSourceConfiguration.createDataSource(DataSourceConfiguration.java:44)
	at org.springframework.boot.autoconfigure.jdbc.DataSourceConfiguration$Hikari.dataSource(DataSourceConfiguration.java:88)
	at org.springframework.boot.autoconfigure.jdbc.DataSourceConfiguration$Hikari$$EnhancerBySpringCGLIB$$a724a3f3.CGLIB$dataSource$0(<generated>)
	at org.springframework.boot.autoconfigure.jdbc.DataSourceConfiguration$Hikari$$EnhancerBySpringCGLIB$$a724a3f3$$FastClassBySpringCGLIB$$72b40468.invoke(<generated>)
	at org.springframework.cglib.proxy.MethodProxy.invokeSuper(MethodProxy.java:244)
	at org.springframework.context.annotation.ConfigurationClassEnhancer$BeanMethodInterceptor.intercept(ConfigurationClassEnhancer.java:363)
	at org.springframework.boot.autoconfigure.jdbc.DataSourceConfiguration$Hikari$$EnhancerBySpringCGLIB$$a724a3f3.dataSource(<generated>)
	at sun.reflect.NativeMethodAccessorImpl.invoke0(Native Method)
	at sun.reflect.NativeMethodAccessorImpl.invoke(Unknown Source)
	at sun.reflect.DelegatingMethodAccessorImpl.invoke(Unknown Source)
	at java.lang.reflect.Method.invoke(Unknown Source)
	at org.springframework.beans.factory.support.SimpleInstantiationStrategy.instantiate(SimpleInstantiationStrategy.java:154)
	... 43 common frames omitted
2019-04-15 09:31:45 [main] - Starting SampleswaggerApplication on DESKTOP-3RNFUE4 with PID 10744 (C:\Suchi\Software-Development\workspace-sts-3.9.7.RELEASE\sampleswagger\target\classes started by suchi in C:\Suchi\Software-Development\workspace-sts-3.9.7.RELEASE\sampleswagger)
2019-04-15 09:31:45 [main] - No active profile set, falling back to default profiles: default
2019-04-15 09:31:45 [main] - Bootstrapping Spring Data repositories in DEFAULT mode.
2019-04-15 09:31:45 [main] - Finished Spring Data repository scanning in 7ms. Found 0 repository interfaces.
2019-04-15 09:31:46 [main] - Bean 'org.springframework.transaction.annotation.ProxyTransactionManagementConfiguration' of type [org.springframework.transaction.annotation.ProxyTransactionManagementConfiguration$$EnhancerBySpringCGLIB$$3221308] is not eligible for getting processed by all BeanPostProcessors (for example: not eligible for auto-proxying)
2019-04-15 09:31:46 [main] - Tomcat initialized with port(s): 8080 (http)
2019-04-15 09:31:46 [main] - Starting service [Tomcat]
2019-04-15 09:31:46 [main] - Starting Servlet engine: [Apache Tomcat/9.0.17]
2019-04-15 09:31:46 [main] - Initializing Spring embedded WebApplicationContext
2019-04-15 09:31:46 [main] - Root WebApplicationContext: initialization completed in 910 ms
2019-04-15 09:31:46 [main] - HikariPool-1 - Starting...
2019-04-15 09:31:46 [main] - HikariPool-1 - Start completed.
2019-04-15 09:31:47 [main] - HHH000204: Processing PersistenceUnitInfo [
	name: default
	...]
2019-04-15 09:31:47 [main] - HHH000412: Hibernate Core {5.3.9.Final}
2019-04-15 09:31:47 [main] - HHH000206: hibernate.properties not found
2019-04-15 09:31:47 [main] - HCANN000001: Hibernate Commons Annotations {5.0.4.Final}
2019-04-15 09:31:47 [main] - HHH000400: Using dialect: org.hibernate.dialect.MySQLDialect
2019-04-15 09:31:47 [main] - Initialized JPA EntityManagerFactory for persistence unit 'default'
2019-04-15 09:31:47 [main] - spring.jpa.open-in-view is enabled by default. Therefore, database queries may be performed during view rendering. Explicitly configure spring.jpa.open-in-view to disable this warning
2019-04-15 09:31:47 [main] - Mapped URL path [/v2/api-docs] onto method [public org.springframework.http.ResponseEntity<springfox.documentation.spring.web.json.Json> springfox.documentation.swagger2.web.Swagger2Controller.getDocumentation(java.lang.String,javax.servlet.http.HttpServletRequest)]
2019-04-15 09:31:47 [main] - Initializing ExecutorService 'applicationTaskExecutor'
2019-04-15 09:31:47 [main] - Context refreshed
2019-04-15 09:31:47 [main] - Found 1 custom documentation plugin(s)
2019-04-15 09:31:47 [main] - Scanning for api listing references
2019-04-15 09:31:48 [main] - Tomcat started on port(s): 8080 (http) with context path ''
2019-04-15 09:31:48 [main] - Started SampleswaggerApplication in 2.87 seconds (JVM running for 3.39)
2019-04-15 09:31:48 [main] - Msg logged at Error level
2019-04-15 09:31:48 [main] - Msg logged at Error level
2019-04-15 09:31:48 [main] - Msg logged at Error level
2019-04-15 09:33:16 [RMI TCP Connection(12)-127.0.0.1] - Application shutdown requested.
2019-04-15 09:33:16 [RMI TCP Connection(12)-127.0.0.1] - Shutting down ExecutorService 'applicationTaskExecutor'
2019-04-15 09:33:16 [RMI TCP Connection(12)-127.0.0.1] - Closing JPA EntityManagerFactory for persistence unit 'default'
2019-04-15 09:33:16 [RMI TCP Connection(12)-127.0.0.1] - HikariPool-1 - Shutdown initiated...
2019-04-15 09:33:16 [RMI TCP Connection(12)-127.0.0.1] - HikariPool-1 - Shutdown completed.
2019-04-15 09:33:21 [main] - Starting SampleswaggerApplication on DESKTOP-3RNFUE4 with PID 21112 (C:\Suchi\Software-Development\workspace-sts-3.9.7.RELEASE\sampleswagger\target\classes started by suchi in C:\Suchi\Software-Development\workspace-sts-3.9.7.RELEASE\sampleswagger)
2019-04-15 09:33:21 [main] - The following profiles are active: dev
2019-04-15 09:33:22 [main] - Bootstrapping Spring Data repositories in DEFAULT mode.
2019-04-15 09:33:22 [main] - Finished Spring Data repository scanning in 6ms. Found 0 repository interfaces.
2019-04-15 09:33:22 [main] - Bean 'org.springframework.transaction.annotation.ProxyTransactionManagementConfiguration' of type [org.springframework.transaction.annotation.ProxyTransactionManagementConfiguration$$EnhancerBySpringCGLIB$$796a2d5f] is not eligible for getting processed by all BeanPostProcessors (for example: not eligible for auto-proxying)
2019-04-15 09:33:22 [main] - Tomcat initialized with port(s): 8080 (http)
2019-04-15 09:33:22 [main] - Starting service [Tomcat]
2019-04-15 09:33:22 [main] - Starting Servlet engine: [Apache Tomcat/9.0.17]
2019-04-15 09:33:22 [main] - Initializing Spring embedded WebApplicationContext
2019-04-15 09:33:22 [main] - Root WebApplicationContext: initialization completed in 905 ms
2019-04-15 09:33:22 [main] - HikariPool-1 - Starting...
2019-04-15 09:33:23 [main] - HikariPool-1 - Start completed.
2019-04-15 09:33:23 [main] - HHH000204: Processing PersistenceUnitInfo [
	name: default
	...]
2019-04-15 09:33:23 [main] - HHH000412: Hibernate Core {5.3.9.Final}
2019-04-15 09:33:23 [main] - HHH000206: hibernate.properties not found
2019-04-15 09:33:23 [main] - HCANN000001: Hibernate Commons Annotations {5.0.4.Final}
2019-04-15 09:33:23 [main] - HHH000400: Using dialect: org.hibernate.dialect.MySQLDialect
2019-04-15 09:33:23 [main] - Initialized JPA EntityManagerFactory for persistence unit 'default'
2019-04-15 09:33:23 [main] - spring.jpa.open-in-view is enabled by default. Therefore, database queries may be performed during view rendering. Explicitly configure spring.jpa.open-in-view to disable this warning
2019-04-15 09:33:23 [main] - Mapped URL path [/v2/api-docs] onto method [public org.springframework.http.ResponseEntity<springfox.documentation.spring.web.json.Json> springfox.documentation.swagger2.web.Swagger2Controller.getDocumentation(java.lang.String,javax.servlet.http.HttpServletRequest)]
2019-04-15 09:33:23 [main] - Initializing ExecutorService 'applicationTaskExecutor'
2019-04-15 09:33:24 [main] - Context refreshed
2019-04-15 09:33:24 [main] - Found 1 custom documentation plugin(s)
2019-04-15 09:33:24 [main] - Scanning for api listing references
2019-04-15 09:33:24 [main] - Tomcat started on port(s): 8080 (http) with context path ''
2019-04-15 09:33:24 [main] - Started SampleswaggerApplication in 2.734 seconds (JVM running for 3.256)
2019-04-15 09:33:24 [main] - Msg logged at Error level
2019-04-15 09:33:24 [main] - Msg logged at Error level
2019-04-15 09:33:24 [main] - Msg logged at Error level
2019-04-15 09:36:23 [http-nio-8080-exec-1] - Initializing Spring DispatcherServlet 'dispatcherServlet'
2019-04-15 09:36:23 [http-nio-8080-exec-1] - Initializing Servlet 'dispatcherServlet'
2019-04-15 09:36:23 [http-nio-8080-exec-1] - Completed initialization in 6 ms
2019-04-15 09:40:22 [RMI TCP Connection(16)-127.0.0.1] - Application shutdown requested.
2019-04-15 09:40:22 [RMI TCP Connection(16)-127.0.0.1] - Shutting down ExecutorService 'applicationTaskExecutor'
2019-04-15 09:40:22 [RMI TCP Connection(16)-127.0.0.1] - Closing JPA EntityManagerFactory for persistence unit 'default'
2019-04-15 09:40:22 [RMI TCP Connection(16)-127.0.0.1] - HikariPool-1 - Shutdown initiated...
2019-04-15 09:40:22 [RMI TCP Connection(16)-127.0.0.1] - HikariPool-1 - Shutdown completed.
2019-04-15 09:40:30 [main] - Starting SampleswaggerApplication on DESKTOP-3RNFUE4 with PID 8912 (C:\Suchi\Software-Development\workspace-sts-3.9.7.RELEASE\sampleswagger\target\classes started by suchi in C:\Suchi\Software-Development\workspace-sts-3.9.7.RELEASE\sampleswagger)
2019-04-15 09:40:30 [main] - The following profiles are active: dev
2019-04-15 09:40:30 [main] - Bootstrapping Spring Data repositories in DEFAULT mode.
2019-04-15 09:40:30 [main] - Finished Spring Data repository scanning in 7ms. Found 0 repository interfaces.
2019-04-15 09:40:30 [main] - Bean 'org.springframework.transaction.annotation.ProxyTransactionManagementConfiguration' of type [org.springframework.transaction.annotation.ProxyTransactionManagementConfiguration$$EnhancerBySpringCGLIB$$bf5ea8d4] is not eligible for getting processed by all BeanPostProcessors (for example: not eligible for auto-proxying)
2019-04-15 09:40:31 [main] - Tomcat initialized with port(s): 8080 (http)
2019-04-15 09:40:31 [main] - Starting service [Tomcat]
2019-04-15 09:40:31 [main] - Starting Servlet engine: [Apache Tomcat/9.0.17]
2019-04-15 09:40:31 [main] - Initializing Spring embedded WebApplicationContext
2019-04-15 09:40:31 [main] - Root WebApplicationContext: initialization completed in 933 ms
2019-04-15 09:40:31 [main] - HikariPool-1 - Starting...
2019-04-15 09:40:31 [main] - HikariPool-1 - Start completed.
2019-04-15 09:40:31 [main] - HHH000204: Processing PersistenceUnitInfo [
	name: default
	...]
2019-04-15 09:40:31 [main] - HHH000412: Hibernate Core {5.3.9.Final}
2019-04-15 09:40:31 [main] - HHH000206: hibernate.properties not found
2019-04-15 09:40:31 [main] - HCANN000001: Hibernate Commons Annotations {5.0.4.Final}
2019-04-15 09:40:31 [main] - HHH000400: Using dialect: org.hibernate.dialect.MySQLDialect
2019-04-15 09:40:32 [main] - Initialized JPA EntityManagerFactory for persistence unit 'default'
2019-04-15 09:40:32 [main] - spring.jpa.open-in-view is enabled by default. Therefore, database queries may be performed during view rendering. Explicitly configure spring.jpa.open-in-view to disable this warning
2019-04-15 09:40:32 [main] - Mapped URL path [/v2/api-docs] onto method [public org.springframework.http.ResponseEntity<springfox.documentation.spring.web.json.Json> springfox.documentation.swagger2.web.Swagger2Controller.getDocumentation(java.lang.String,javax.servlet.http.HttpServletRequest)]
2019-04-15 09:40:32 [main] - Initializing ExecutorService 'applicationTaskExecutor'
2019-04-15 09:40:32 [main] - Context refreshed
2019-04-15 09:40:32 [main] - Found 1 custom documentation plugin(s)
2019-04-15 09:40:32 [main] - Scanning for api listing references
2019-04-15 09:40:32 [main] - Tomcat started on port(s): 8080 (http) with context path ''
2019-04-15 09:40:32 [main] - Started SampleswaggerApplication in 2.686 seconds (JVM running for 3.198)
2019-04-15 09:40:32 [main] - Suchi in Run method
2019-04-15 09:40:32 [main] - Msg logged at Error level
2019-04-15 09:40:32 [main] - Msg logged at Error level
2019-04-15 09:40:32 [main] - Msg logged at Error level
2019-04-15 09:40:48 [RMI TCP Connection(7)-127.0.0.1] - Application shutdown requested.
2019-04-15 09:40:48 [RMI TCP Connection(7)-127.0.0.1] - Shutting down ExecutorService 'applicationTaskExecutor'
2019-04-15 09:40:48 [RMI TCP Connection(7)-127.0.0.1] - Closing JPA EntityManagerFactory for persistence unit 'default'
2019-04-15 09:40:48 [RMI TCP Connection(7)-127.0.0.1] - HikariPool-1 - Shutdown initiated...
2019-04-15 09:40:48 [RMI TCP Connection(7)-127.0.0.1] - HikariPool-1 - Shutdown completed.
2019-04-15 09:40:54 [main] - Starting SampleswaggerApplication on DESKTOP-3RNFUE4 with PID 4364 (C:\Suchi\Software-Development\workspace-sts-3.9.7.RELEASE\sampleswagger\target\classes started by suchi in C:\Suchi\Software-Development\workspace-sts-3.9.7.RELEASE\sampleswagger)
2019-04-15 09:40:54 [main] - The following profiles are active: dev
2019-04-15 09:40:55 [main] - Bootstrapping Spring Data repositories in DEFAULT mode.
2019-04-15 09:40:55 [main] - Finished Spring Data repository scanning in 8ms. Found 0 repository interfaces.
2019-04-15 09:40:55 [main] - Bean 'org.springframework.transaction.annotation.ProxyTransactionManagementConfiguration' of type [org.springframework.transaction.annotation.ProxyTransactionManagementConfiguration$$EnhancerBySpringCGLIB$$67503adf] is not eligible for getting processed by all BeanPostProcessors (for example: not eligible for auto-proxying)
2019-04-15 09:40:55 [main] - Tomcat initialized with port(s): 8080 (http)
2019-04-15 09:40:55 [main] - Starting service [Tomcat]
2019-04-15 09:40:55 [main] - Starting Servlet engine: [Apache Tomcat/9.0.17]
2019-04-15 09:40:55 [main] - Initializing Spring embedded WebApplicationContext
2019-04-15 09:40:55 [main] - Root WebApplicationContext: initialization completed in 913 ms
2019-04-15 09:40:55 [main] - HikariPool-1 - Starting...
2019-04-15 09:40:56 [main] - HikariPool-1 - Start completed.
2019-04-15 09:40:56 [main] - HHH000204: Processing PersistenceUnitInfo [
	name: default
	...]
2019-04-15 09:40:56 [main] - HHH000412: Hibernate Core {5.3.9.Final}
2019-04-15 09:40:56 [main] - HHH000206: hibernate.properties not found
2019-04-15 09:40:56 [main] - HCANN000001: Hibernate Commons Annotations {5.0.4.Final}
2019-04-15 09:40:56 [main] - HHH000400: Using dialect: org.hibernate.dialect.MySQLDialect
2019-04-15 09:40:56 [main] - Initialized JPA EntityManagerFactory for persistence unit 'default'
2019-04-15 09:40:57 [main] - spring.jpa.open-in-view is enabled by default. Therefore, database queries may be performed during view rendering. Explicitly configure spring.jpa.open-in-view to disable this warning
2019-04-15 09:40:57 [main] - Mapped URL path [/v2/api-docs] onto method [public org.springframework.http.ResponseEntity<springfox.documentation.spring.web.json.Json> springfox.documentation.swagger2.web.Swagger2Controller.getDocumentation(java.lang.String,javax.servlet.http.HttpServletRequest)]
2019-04-15 09:40:57 [main] - Initializing ExecutorService 'applicationTaskExecutor'
2019-04-15 09:40:57 [main] - Context refreshed
2019-04-15 09:40:57 [main] - Found 1 custom documentation plugin(s)
2019-04-15 09:40:57 [main] - Scanning for api listing references
2019-04-15 09:40:57 [main] - Tomcat started on port(s): 8080 (http) with context path ''
2019-04-15 09:40:57 [main] - Started SampleswaggerApplication in 2.668 seconds (JVM running for 3.181)
2019-04-15 09:40:57 [main] - Suchi in Run method
2019-04-15 09:40:57 [main] - Msg logged at Error level
2019-04-15 09:40:57 [main] - Msg logged at Error level
2019-04-15 09:40:57 [main] - Msg logged at Error level
2019-04-15 09:50:52 [RMI TCP Connection(17)-127.0.0.1] - Application shutdown requested.
2019-04-15 09:50:52 [RMI TCP Connection(17)-127.0.0.1] - Shutting down ExecutorService 'applicationTaskExecutor'
2019-04-15 09:50:52 [RMI TCP Connection(17)-127.0.0.1] - Closing JPA EntityManagerFactory for persistence unit 'default'
2019-04-15 09:50:52 [RMI TCP Connection(17)-127.0.0.1] - HikariPool-1 - Shutdown initiated...
2019-04-15 09:50:52 [RMI TCP Connection(17)-127.0.0.1] - HikariPool-1 - Shutdown completed.
2019-04-15 09:50:58 [main] - Starting SampleswaggerApplication on DESKTOP-3RNFUE4 with PID 9968 (C:\Suchi\Software-Development\workspace-sts-3.9.7.RELEASE\sampleswagger\target\classes started by suchi in C:\Suchi\Software-Development\workspace-sts-3.9.7.RELEASE\sampleswagger)
2019-04-15 09:50:58 [main] - The following profiles are active: dev
2019-04-15 09:50:58 [main] - Bootstrapping Spring Data repositories in DEFAULT mode.
2019-04-15 09:50:58 [main] - Finished Spring Data repository scanning in 8ms. Found 0 repository interfaces.
2019-04-15 09:50:58 [main] - Bean 'org.springframework.transaction.annotation.ProxyTransactionManagementConfiguration' of type [org.springframework.transaction.annotation.ProxyTransactionManagementConfiguration$$EnhancerBySpringCGLIB$$ca84272] is not eligible for getting processed by all BeanPostProcessors (for example: not eligible for auto-proxying)
2019-04-15 09:50:59 [main] - Tomcat initialized with port(s): 8080 (http)
2019-04-15 09:50:59 [main] - Starting service [Tomcat]
2019-04-15 09:50:59 [main] - Starting Servlet engine: [Apache Tomcat/9.0.17]
2019-04-15 09:50:59 [main] - Initializing Spring embedded WebApplicationContext
2019-04-15 09:50:59 [main] - Root WebApplicationContext: initialization completed in 929 ms
2019-04-15 09:50:59 [main] - HikariPool-1 - Starting...
2019-04-15 09:50:59 [main] - HikariPool-1 - Start completed.
2019-04-15 09:50:59 [main] - HHH000204: Processing PersistenceUnitInfo [
	name: default
	...]
2019-04-15 09:50:59 [main] - HHH000412: Hibernate Core {5.3.9.Final}
2019-04-15 09:50:59 [main] - HHH000206: hibernate.properties not found
2019-04-15 09:51:00 [main] - HCANN000001: Hibernate Commons Annotations {5.0.4.Final}
2019-04-15 09:51:00 [main] - HHH000400: Using dialect: org.hibernate.dialect.MySQLDialect
2019-04-15 09:51:00 [main] - Initialized JPA EntityManagerFactory for persistence unit 'default'
2019-04-15 09:51:00 [main] - spring.jpa.open-in-view is enabled by default. Therefore, database queries may be performed during view rendering. Explicitly configure spring.jpa.open-in-view to disable this warning
2019-04-15 09:51:00 [main] - Mapped URL path [/v2/api-docs] onto method [public org.springframework.http.ResponseEntity<springfox.documentation.spring.web.json.Json> springfox.documentation.swagger2.web.Swagger2Controller.getDocumentation(java.lang.String,javax.servlet.http.HttpServletRequest)]
2019-04-15 09:51:00 [main] - Initializing ExecutorService 'applicationTaskExecutor'
2019-04-15 09:51:00 [main] - Context refreshed
2019-04-15 09:51:00 [main] - Found 1 custom documentation plugin(s)
2019-04-15 09:51:00 [main] - Scanning for api listing references
2019-04-15 09:51:00 [main] - Tomcat started on port(s): 8080 (http) with context path ''
2019-04-15 09:51:00 [main] - Started SampleswaggerApplication in 2.676 seconds (JVM running for 3.193)
2019-04-15 09:51:00 [main] - Suchi in Run method
2019-04-15 09:51:00 [main] - Msg logged at Error level
2019-04-15 09:51:00 [main] - Msg logged at Error level
2019-04-15 09:51:00 [main] - Msg logged at Error level
2019-04-15 09:51:06 [http-nio-8080-exec-1] - Initializing Spring DispatcherServlet 'dispatcherServlet'
2019-04-15 09:51:06 [http-nio-8080-exec-1] - Initializing Servlet 'dispatcherServlet'
2019-04-15 09:51:06 [http-nio-8080-exec-1] - Completed initialization in 4 ms
2019-04-15 09:51:21 [RMI TCP Connection(7)-127.0.0.1] - Application shutdown requested.
2019-04-15 09:51:21 [RMI TCP Connection(7)-127.0.0.1] - Shutting down ExecutorService 'applicationTaskExecutor'
2019-04-15 09:51:21 [RMI TCP Connection(7)-127.0.0.1] - Closing JPA EntityManagerFactory for persistence unit 'default'
2019-04-15 09:51:21 [RMI TCP Connection(7)-127.0.0.1] - HikariPool-1 - Shutdown initiated...
2019-04-15 09:51:21 [RMI TCP Connection(7)-127.0.0.1] - HikariPool-1 - Shutdown completed.
2019-04-15 09:51:28 [main] - Starting SampleswaggerApplication on DESKTOP-3RNFUE4 with PID 23960 (C:\Suchi\Software-Development\workspace-sts-3.9.7.RELEASE\sampleswagger\target\classes started by suchi in C:\Suchi\Software-Development\workspace-sts-3.9.7.RELEASE\sampleswagger)
2019-04-15 09:51:28 [main] - The following profiles are active: prod
2019-04-15 09:51:28 [main] - Bootstrapping Spring Data repositories in DEFAULT mode.
2019-04-15 09:51:28 [main] - Finished Spring Data repository scanning in 7ms. Found 0 repository interfaces.
2019-04-15 09:51:29 [main] - Bean 'org.springframework.transaction.annotation.ProxyTransactionManagementConfiguration' of type [org.springframework.transaction.annotation.ProxyTransactionManagementConfiguration$$EnhancerBySpringCGLIB$$53941383] is not eligible for getting processed by all BeanPostProcessors (for example: not eligible for auto-proxying)
2019-04-15 09:51:29 [main] - Tomcat initialized with port(s): 8080 (http)
2019-04-15 09:51:29 [main] - Starting service [Tomcat]
2019-04-15 09:51:29 [main] - Starting Servlet engine: [Apache Tomcat/9.0.17]
2019-04-15 09:51:29 [main] - Initializing Spring embedded WebApplicationContext
2019-04-15 09:51:29 [main] - Root WebApplicationContext: initialization completed in 912 ms
2019-04-15 09:51:29 [main] - HikariPool-1 - Starting...
2019-04-15 09:51:29 [main] - HikariPool-1 - Start completed.
2019-04-15 09:51:29 [main] - HHH000204: Processing PersistenceUnitInfo [
	name: default
	...]
2019-04-15 09:51:29 [main] - HHH000412: Hibernate Core {5.3.9.Final}
2019-04-15 09:51:29 [main] - HHH000206: hibernate.properties not found
2019-04-15 09:51:30 [main] - HCANN000001: Hibernate Commons Annotations {5.0.4.Final}
2019-04-15 09:51:30 [main] - HHH000400: Using dialect: org.hibernate.dialect.MySQLDialect
2019-04-15 09:51:30 [main] - Initialized JPA EntityManagerFactory for persistence unit 'default'
2019-04-15 09:51:30 [main] - spring.jpa.open-in-view is enabled by default. Therefore, database queries may be performed during view rendering. Explicitly configure spring.jpa.open-in-view to disable this warning
2019-04-15 09:51:30 [main] - Mapped URL path [/v2/api-docs] onto method [public org.springframework.http.ResponseEntity<springfox.documentation.spring.web.json.Json> springfox.documentation.swagger2.web.Swagger2Controller.getDocumentation(java.lang.String,javax.servlet.http.HttpServletRequest)]
2019-04-15 09:51:30 [main] - Initializing ExecutorService 'applicationTaskExecutor'
2019-04-15 09:51:30 [main] - Context refreshed
2019-04-15 09:51:30 [main] - Found 1 custom documentation plugin(s)
2019-04-15 09:51:30 [main] - Scanning for api listing references
2019-04-15 09:51:30 [main] - Tomcat started on port(s): 8080 (http) with context path ''
2019-04-15 09:51:30 [main] - Started SampleswaggerApplication in 2.633 seconds (JVM running for 3.151)
2019-04-15 09:51:30 [main] - Suchi in Run method
2019-04-15 09:51:30 [main] - Msg logged at Error level
2019-04-15 09:51:30 [main] - Msg logged at Error level
2019-04-15 09:51:30 [main] - Msg logged at Error level
2019-04-15 09:51:32 [http-nio-8080-exec-1] - Initializing Spring DispatcherServlet 'dispatcherServlet'
2019-04-15 09:51:32 [http-nio-8080-exec-1] - Initializing Servlet 'dispatcherServlet'
2019-04-15 09:51:32 [http-nio-8080-exec-1] - Completed initialization in 5 ms
2019-04-15 09:52:03 [RMI TCP Connection(9)-127.0.0.1] - Application shutdown requested.
2019-04-15 09:52:03 [RMI TCP Connection(9)-127.0.0.1] - Shutting down ExecutorService 'applicationTaskExecutor'
2019-04-15 09:52:03 [RMI TCP Connection(9)-127.0.0.1] - Closing JPA EntityManagerFactory for persistence unit 'default'
2019-04-15 09:52:03 [RMI TCP Connection(9)-127.0.0.1] - HikariPool-1 - Shutdown initiated...
2019-04-15 09:52:03 [RMI TCP Connection(9)-127.0.0.1] - HikariPool-1 - Shutdown completed.
2019-04-15 09:52:16 [main] - Starting SampleswaggerApplication on DESKTOP-3RNFUE4 with PID 7052 (C:\Suchi\Software-Development\workspace-sts-3.9.7.RELEASE\sampleswagger\target\classes started by suchi in C:\Suchi\Software-Development\workspace-sts-3.9.7.RELEASE\sampleswagger)
2019-04-15 09:52:16 [main] - The following profiles are active: dev
2019-04-15 09:52:17 [main] - Bootstrapping Spring Data repositories in DEFAULT mode.
2019-04-15 09:52:17 [main] - Finished Spring Data repository scanning in 8ms. Found 0 repository interfaces.
2019-04-15 09:52:17 [main] - Bean 'org.springframework.transaction.annotation.ProxyTransactionManagementConfiguration' of type [org.springframework.transaction.annotation.ProxyTransactionManagementConfiguration$$EnhancerBySpringCGLIB$$daf4e3f2] is not eligible for getting processed by all BeanPostProcessors (for example: not eligible for auto-proxying)
2019-04-15 09:52:17 [main] - Tomcat initialized with port(s): 8080 (http)
2019-04-15 09:52:17 [main] - Starting service [Tomcat]
2019-04-15 09:52:17 [main] - Starting Servlet engine: [Apache Tomcat/9.0.17]
2019-04-15 09:52:17 [main] - Initializing Spring embedded WebApplicationContext
2019-04-15 09:52:17 [main] - Root WebApplicationContext: initialization completed in 909 ms
2019-04-15 09:52:17 [main] - HikariPool-1 - Starting...
2019-04-15 09:52:18 [main] - HikariPool-1 - Start completed.
2019-04-15 09:52:18 [main] - HHH000204: Processing PersistenceUnitInfo [
	name: default
	...]
2019-04-15 09:52:18 [main] - HHH000412: Hibernate Core {5.3.9.Final}
2019-04-15 09:52:18 [main] - HHH000206: hibernate.properties not found
2019-04-15 09:52:18 [main] - HCANN000001: Hibernate Commons Annotations {5.0.4.Final}
2019-04-15 09:52:18 [main] - HHH000400: Using dialect: org.hibernate.dialect.MySQLDialect
2019-04-15 09:52:18 [main] - Initialized JPA EntityManagerFactory for persistence unit 'default'
2019-04-15 09:52:18 [main] - spring.jpa.open-in-view is enabled by default. Therefore, database queries may be performed during view rendering. Explicitly configure spring.jpa.open-in-view to disable this warning
2019-04-15 09:52:18 [main] - Mapped URL path [/v2/api-docs] onto method [public org.springframework.http.ResponseEntity<springfox.documentation.spring.web.json.Json> springfox.documentation.swagger2.web.Swagger2Controller.getDocumentation(java.lang.String,javax.servlet.http.HttpServletRequest)]
2019-04-15 09:52:19 [main] - Initializing ExecutorService 'applicationTaskExecutor'
2019-04-15 09:52:19 [main] - Context refreshed
2019-04-15 09:52:19 [main] - Found 1 custom documentation plugin(s)
2019-04-15 09:52:19 [main] - Scanning for api listing references
2019-04-15 09:52:19 [main] - Tomcat started on port(s): 8080 (http) with context path ''
2019-04-15 09:52:19 [main] - Started SampleswaggerApplication in 2.632 seconds (JVM running for 3.156)
2019-04-15 09:52:19 [main] - Suchi in Run method
2019-04-15 09:52:19 [main] - Msg logged at Error level
2019-04-15 09:52:19 [main] - Msg logged at Error level
2019-04-15 09:52:19 [main] - Msg logged at Error level
2019-04-15 09:52:21 [http-nio-8080-exec-1] - Initializing Spring DispatcherServlet 'dispatcherServlet'
2019-04-15 09:52:21 [http-nio-8080-exec-1] - Initializing Servlet 'dispatcherServlet'
2019-04-15 09:52:21 [http-nio-8080-exec-1] - Completed initialization in 5 ms
2019-04-15 10:20:08 [RMI TCP Connection(36)-127.0.0.1] - Application shutdown requested.
2019-04-15 10:20:08 [RMI TCP Connection(36)-127.0.0.1] - Shutting down ExecutorService 'applicationTaskExecutor'
2019-04-15 10:20:08 [RMI TCP Connection(36)-127.0.0.1] - Closing JPA EntityManagerFactory for persistence unit 'default'
2019-04-15 10:20:08 [RMI TCP Connection(36)-127.0.0.1] - HikariPool-1 - Shutdown initiated...
2019-04-15 10:20:08 [RMI TCP Connection(36)-127.0.0.1] - HikariPool-1 - Shutdown completed.
2019-04-15 10:20:14 [main] - Starting SampleswaggerApplication on DESKTOP-3RNFUE4 with PID 19968 (C:\Suchi\Software-Development\workspace-sts-3.9.7.RELEASE\sampleswagger\target\classes started by suchi in C:\Suchi\Software-Development\workspace-sts-3.9.7.RELEASE\sampleswagger)
2019-04-15 10:20:14 [main] - The following profiles are active: dev
2019-04-15 10:20:14 [main] - Bootstrapping Spring Data repositories in DEFAULT mode.
2019-04-15 10:20:14 [main] - Finished Spring Data repository scanning in 9ms. Found 0 repository interfaces.
2019-04-15 10:20:14 [main] - Bean 'org.springframework.transaction.annotation.ProxyTransactionManagementConfiguration' of type [org.springframework.transaction.annotation.ProxyTransactionManagementConfiguration$$EnhancerBySpringCGLIB$$85f798ce] is not eligible for getting processed by all BeanPostProcessors (for example: not eligible for auto-proxying)
2019-04-15 10:20:15 [main] - Tomcat initialized with port(s): 8080 (http)
2019-04-15 10:20:15 [main] - Starting service [Tomcat]
2019-04-15 10:20:15 [main] - Starting Servlet engine: [Apache Tomcat/9.0.17]
2019-04-15 10:20:15 [main] - Initializing Spring embedded WebApplicationContext
2019-04-15 10:20:15 [main] - Root WebApplicationContext: initialization completed in 891 ms
2019-04-15 10:20:15 [main] - HikariPool-1 - Starting...
2019-04-15 10:20:15 [main] - HikariPool-1 - Start completed.
2019-04-15 10:20:15 [main] - HHH000204: Processing PersistenceUnitInfo [
	name: default
	...]
2019-04-15 10:20:15 [main] - HHH000412: Hibernate Core {5.3.9.Final}
2019-04-15 10:20:15 [main] - HHH000206: hibernate.properties not found
2019-04-15 10:20:15 [main] - HCANN000001: Hibernate Commons Annotations {5.0.4.Final}
2019-04-15 10:20:15 [main] - HHH000400: Using dialect: org.hibernate.dialect.MySQLDialect
2019-04-15 10:20:16 [main] - Initialized JPA EntityManagerFactory for persistence unit 'default'
2019-04-15 10:20:16 [main] - spring.jpa.open-in-view is enabled by default. Therefore, database queries may be performed during view rendering. Explicitly configure spring.jpa.open-in-view to disable this warning
2019-04-15 10:20:16 [main] - Mapped URL path [/v2/api-docs] onto method [public org.springframework.http.ResponseEntity<springfox.documentation.spring.web.json.Json> springfox.documentation.swagger2.web.Swagger2Controller.getDocumentation(java.lang.String,javax.servlet.http.HttpServletRequest)]
2019-04-15 10:20:16 [main] - Initializing ExecutorService 'applicationTaskExecutor'
2019-04-15 10:20:16 [main] - Context refreshed
2019-04-15 10:20:16 [main] - Found 1 custom documentation plugin(s)
2019-04-15 10:20:16 [main] - Scanning for api listing references
2019-04-15 10:20:16 [main] - Tomcat started on port(s): 8080 (http) with context path ''
2019-04-15 10:20:16 [main] - Started SampleswaggerApplication in 2.632 seconds (JVM running for 3.15)
2019-04-15 10:20:16 [main] - Suchi in Run method
2019-04-15 10:20:16 [main] - Msg logged at Error level
2019-04-15 10:20:16 [main] - Msg logged at Error level
2019-04-15 10:20:16 [main] - Msg logged at Error level
2019-04-15 10:20:30 [RMI TCP Connection(7)-127.0.0.1] - Application shutdown requested.
2019-04-15 10:20:30 [RMI TCP Connection(7)-127.0.0.1] - Shutting down ExecutorService 'applicationTaskExecutor'
2019-04-15 10:20:30 [RMI TCP Connection(7)-127.0.0.1] - Closing JPA EntityManagerFactory for persistence unit 'default'
2019-04-15 10:20:30 [RMI TCP Connection(7)-127.0.0.1] - HikariPool-1 - Shutdown initiated...
2019-04-15 10:20:30 [RMI TCP Connection(7)-127.0.0.1] - HikariPool-1 - Shutdown completed.
2019-04-15 10:20:38 [main] - Starting SampleswaggerApplication on DESKTOP-3RNFUE4 with PID 19064 (C:\Suchi\Software-Development\workspace-sts-3.9.7.RELEASE\sampleswagger\target\classes started by suchi in C:\Suchi\Software-Development\workspace-sts-3.9.7.RELEASE\sampleswagger)
2019-04-15 10:20:38 [main] - The following profiles are active: prod
2019-04-15 10:20:39 [main] - Bootstrapping Spring Data repositories in DEFAULT mode.
2019-04-15 10:20:39 [main] - Finished Spring Data repository scanning in 11ms. Found 0 repository interfaces.
2019-04-15 10:20:39 [main] - Bean 'org.springframework.transaction.annotation.ProxyTransactionManagementConfiguration' of type [org.springframework.transaction.annotation.ProxyTransactionManagementConfiguration$$EnhancerBySpringCGLIB$$c7b51909] is not eligible for getting processed by all BeanPostProcessors (for example: not eligible for auto-proxying)
2019-04-15 10:20:39 [main] - Tomcat initialized with port(s): 8080 (http)
2019-04-15 10:20:39 [main] - Starting service [Tomcat]
2019-04-15 10:20:39 [main] - Starting Servlet engine: [Apache Tomcat/9.0.17]
2019-04-15 10:20:39 [main] - Initializing Spring embedded WebApplicationContext
2019-04-15 10:20:39 [main] - Root WebApplicationContext: initialization completed in 930 ms
2019-04-15 10:20:39 [main] - HikariPool-1 - Starting...
2019-04-15 10:20:40 [main] - HikariPool-1 - Start completed.
2019-04-15 10:20:40 [main] - HHH000204: Processing PersistenceUnitInfo [
	name: default
	...]
2019-04-15 10:20:40 [main] - HHH000412: Hibernate Core {5.3.9.Final}
2019-04-15 10:20:40 [main] - HHH000206: hibernate.properties not found
2019-04-15 10:20:40 [main] - HCANN000001: Hibernate Commons Annotations {5.0.4.Final}
2019-04-15 10:20:40 [main] - HHH000400: Using dialect: org.hibernate.dialect.MySQLDialect
2019-04-15 10:20:40 [main] - Initialized JPA EntityManagerFactory for persistence unit 'default'
2019-04-15 10:20:40 [main] - spring.jpa.open-in-view is enabled by default. Therefore, database queries may be performed during view rendering. Explicitly configure spring.jpa.open-in-view to disable this warning
2019-04-15 10:20:40 [main] - Mapped URL path [/v2/api-docs] onto method [public org.springframework.http.ResponseEntity<springfox.documentation.spring.web.json.Json> springfox.documentation.swagger2.web.Swagger2Controller.getDocumentation(java.lang.String,javax.servlet.http.HttpServletRequest)]
2019-04-15 10:20:40 [main] - Initializing ExecutorService 'applicationTaskExecutor'
2019-04-15 10:20:40 [main] - Context refreshed
2019-04-15 10:20:40 [main] - Found 1 custom documentation plugin(s)
2019-04-15 10:20:40 [main] - Scanning for api listing references
2019-04-15 10:20:41 [main] - Tomcat started on port(s): 8080 (http) with context path ''
2019-04-15 10:20:41 [main] - Started SampleswaggerApplication in 2.667 seconds (JVM running for 3.185)
2019-04-15 10:20:41 [main] - Suchi in Run method
2019-04-15 10:20:41 [main] - Msg logged at Error level
2019-04-15 10:20:41 [main] - Msg logged at Error level
2019-04-15 10:20:41 [main] - Msg logged at Error level
